<?xml version="1.0" encoding="UTF-8"?>
<coverage generated="1518574149185" clover="3.2.0">
  <project timestamp="1518574149185" name="All files">
    <metrics statements="10" coveredstatements="1" conditionals="33" coveredconditionals="0" methods="11" coveredmethods="0" elements="54" coveredelements="1" complexity="0" loc="10" ncloc="10" packages="2" files="2" classes="2">
      <package name="src">
        <metrics statements="8" coveredstatements="0" conditionals="33" coveredconditionals="0" methods="10" coveredmethods="0"/>
        <file name="App.js" path="C:\Users\Sonny\Documents\Reactnative\AwesomeProject\src\App.js">
          <metrics statements="8" coveredstatements="0" conditionals="33" coveredconditionals="0" methods="10" coveredmethods="0"/>
          <line num="1" count="0" type="cond" truecount="0" falsecount="8"/>
          <line num="3" count="0" type="stmt"/>
          <line num="4" count="0" type="stmt"/>
          <line num="12" count="0" type="cond" truecount="0" falsecount="23"/>
          <line num="14" count="0" type="cond" truecount="0" falsecount="2"/>
          <line num="16" count="0" type="stmt"/>
          <line num="21" count="0" type="stmt"/>
          <line num="23" count="0" type="stmt"/>
        </file>
      </package>
      <package name="src.screens">
        <metrics statements="2" coveredstatements="1" conditionals="0" coveredconditionals="0" methods="1" coveredmethods="0"/>
        <file name="introscreen.js" path="C:\Users\Sonny\Documents\Reactnative\AwesomeProject\src\screens\introscreen.js">
          <metrics statements="2" coveredstatements="1" conditionals="0" coveredconditionals="0" methods="1" coveredmethods="0"/>
          <line num="19" count="0" type="stmt"/>
          <line num="34" count="1" type="stmt"/>
        </file>
      </package>
    </metrics>
  </project>
</coverage>
