<?xml version="1.0" encoding="UTF-8"?>
<coverage generated="1518745818521" clover="3.2.0">
  <project timestamp="1518745818521" name="All files">
    <metrics statements="18" coveredstatements="1" conditionals="66" coveredconditionals="0" methods="21" coveredmethods="0" elements="105" coveredelements="1" complexity="0" loc="18" ncloc="18" packages="2" files="3" classes="3">
      <package name="src">
        <metrics statements="9" coveredstatements="0" conditionals="33" coveredconditionals="0" methods="10" coveredmethods="0"/>
        <file name="App.js" path="C:\Users\Sonny\Documents\GitHub\ReminMeApp\src\App.js">
          <metrics statements="9" coveredstatements="0" conditionals="33" coveredconditionals="0" methods="10" coveredmethods="0"/>
          <line num="1" count="0" type="cond" truecount="0" falsecount="8"/>
          <line num="3" count="0" type="stmt"/>
          <line num="4" count="0" type="stmt"/>
          <line num="12" count="0" type="stmt"/>
          <line num="13" count="0" type="cond" truecount="0" falsecount="23"/>
          <line num="15" count="0" type="stmt"/>
          <line num="20" count="0" type="cond" truecount="0" falsecount="2"/>
          <line num="22" count="0" type="stmt"/>
          <line num="23" count="0" type="stmt"/>
        </file>
      </package>
      <package name="src.screens">
        <metrics statements="9" coveredstatements="1" conditionals="33" coveredconditionals="0" methods="11" coveredmethods="0"/>
        <file name="introscreen.js" path="C:\Users\Sonny\Documents\GitHub\ReminMeApp\src\screens\introscreen.js">
          <metrics statements="2" coveredstatements="1" conditionals="0" coveredconditionals="0" methods="1" coveredmethods="0"/>
          <line num="19" count="0" type="stmt"/>
          <line num="34" count="1" type="stmt"/>
        </file>
        <file name="taskscreens.js" path="C:\Users\Sonny\Documents\GitHub\ReminMeApp\src\screens\taskscreens.js">
          <metrics statements="7" coveredstatements="0" conditionals="33" coveredconditionals="0" methods="10" coveredmethods="0"/>
          <line num="1" count="0" type="cond" truecount="0" falsecount="8"/>
          <line num="5" count="0" type="stmt"/>
          <line num="6" count="0" type="cond" truecount="0" falsecount="23"/>
          <line num="12" count="0" type="cond" truecount="0" falsecount="2"/>
          <line num="14" count="0" type="stmt"/>
          <line num="17" count="0" type="stmt"/>
          <line num="20" count="0" type="stmt"/>
        </file>
      </package>
    </metrics>
  </project>
</coverage>
