{"C:\\Users\\Sonny\\Documents\\GitHub\\ReminMeApp\\src\\App.js": {"path":"C:\\Users\\Sonny\\Documents\\GitHub\\ReminMeApp\\src\\App.js","statementMap":{"0":{"start":{"line":1,"column":0},"end":{"line":1,"column":57}},"1":{"start":{"line":1,"column":74},"end":{"line":1,"column":566}},"2":{"start":{"line":1,"column":125},"end":{"line":1,"column":367}},"3":{"start":{"line":1,"column":172},"end":{"line":1,"column":180}},"4":{"start":{"line":1,"column":181},"end":{"line":1,"column":232}},"5":{"start":{"line":1,"column":232},"end":{"line":1,"column":261}},"6":{"start":{"line":1,"column":261},"end":{"line":1,"column":310}},"7":{"start":{"line":1,"column":285},"end":{"line":1,"column":310}},"8":{"start":{"line":1,"column":310},"end":{"line":1,"column":366}},"9":{"start":{"line":1,"column":368},"end":{"line":1,"column":563}},"10":{"start":{"line":1,"column":420},"end":{"line":1,"column":485}},"11":{"start":{"line":1,"column":434},"end":{"line":1,"column":485}},"12":{"start":{"line":1,"column":485},"end":{"line":1,"column":542}},"13":{"start":{"line":1,"column":500},"end":{"line":1,"column":542}},"14":{"start":{"line":1,"column":542},"end":{"line":1,"column":561}},"15":{"start":{"line":3,"column":11},"end":{"line":3,"column":27}},"16":{"start":{"line":3,"column":40},"end":{"line":3,"column":70}},"17":{"start":{"line":4,"column":17},"end":{"line":4,"column":40}},"18":{"start":{"line":12,"column":17},"end":{"line":12,"column":49}},"19":{"start":{"line":12,"column":68},"end":{"line":12,"column":104}},"20":{"start":{"line":13,"column":21},"end":{"line":13,"column":48}},"21":{"start":{"line":13,"column":86},"end":{"line":13,"column":131}},"22":{"start":{"line":13,"column":179},"end":{"line":13,"column":276}},"23":{"start":{"line":13,"column":218},"end":{"line":13,"column":275}},"24":{"start":{"line":13,"column":324},"end":{"line":13,"column":421}},"25":{"start":{"line":13,"column":334},"end":{"line":13,"column":420}},"26":{"start":{"line":13,"column":421},"end":{"line":13,"column":495}},"27":{"start":{"line":13,"column":536},"end":{"line":13,"column":689}},"28":{"start":{"line":13,"column":590},"end":{"line":13,"column":688}},"29":{"start":{"line":13,"column":689},"end":{"line":13,"column":836}},"30":{"start":{"line":13,"column":836},"end":{"line":13,"column":945}},"31":{"start":{"line":13,"column":850},"end":{"line":13,"column":945}},"32":{"start":{"line":15,"column":16},"end":{"line":17,"column":37}},"33":{"start":{"line":20,"column":4},"end":{"line":23,"column":35}},"34":{"start":{"line":20,"column":25},"end":{"line":20,"column":51}},"35":{"start":{"line":20,"column":66},"end":{"line":20,"column":92}},"36":{"start":{"line":20,"column":92},"end":{"line":20,"column":198}},"37":{"start":{"line":20,"column":199},"end":{"line":23,"column":5}},"38":{"start":{"line":22,"column":0},"end":{"line":22,"column":55}},"39":{"start":{"line":23,"column":5},"end":{"line":23,"column":16}},"40":{"start":{"line":23,"column":36},"end":{"line":23,"column":56}}},"fnMap":{"0":{"name":"(anonymous_0)","decl":{"start":{"line":1,"column":74},"end":{"line":1,"column":75}},"loc":{"start":{"line":1,"column":84},"end":{"line":1,"column":564}},"line":1},"1":{"name":"defineProperties","decl":{"start":{"line":1,"column":94},"end":{"line":1,"column":110}},"loc":{"start":{"line":1,"column":124},"end":{"line":1,"column":368}},"line":1},"2":{"name":"(anonymous_2)","decl":{"start":{"line":1,"column":375},"end":{"line":1,"column":376}},"loc":{"start":{"line":1,"column":419},"end":{"line":1,"column":562}},"line":1},"3":{"name":"_interopRequireDefault","decl":{"start":{"line":13,"column":58},"end":{"line":13,"column":80}},"loc":{"start":{"line":13,"column":85},"end":{"line":13,"column":132}},"line":13},"4":{"name":"_classCallCheck","decl":{"start":{"line":13,"column":141},"end":{"line":13,"column":156}},"loc":{"start":{"line":13,"column":178},"end":{"line":13,"column":277}},"line":13},"5":{"name":"_possibleConstructorReturn","decl":{"start":{"line":13,"column":286},"end":{"line":13,"column":312}},"loc":{"start":{"line":13,"column":323},"end":{"line":13,"column":496}},"line":13},"6":{"name":"_inherits","decl":{"start":{"line":13,"column":505},"end":{"line":13,"column":514}},"loc":{"start":{"line":13,"column":535},"end":{"line":13,"column":946}},"line":13},"7":{"name":"(anonymous_7)","decl":{"start":{"line":20,"column":4},"end":{"line":20,"column":5}},"loc":{"start":{"line":20,"column":24},"end":{"line":23,"column":17}},"line":20},"8":{"name":"App","decl":{"start":{"line":20,"column":60},"end":{"line":20,"column":63}},"loc":{"start":{"line":20,"column":65},"end":{"line":20,"column":199}},"line":20},"9":{"name":"render","decl":{"start":{"line":20,"column":246},"end":{"line":20,"column":252}},"loc":{"start":{"line":21,"column":0},"end":{"line":23,"column":1}},"line":21}},"branchMap":{"0":{"loc":{"start":{"line":1,"column":203},"end":{"line":1,"column":231}},"type":"binary-expr","locations":[{"start":{"line":1,"column":203},"end":{"line":1,"column":224}},{"start":{"line":1,"column":226},"end":{"line":1,"column":231}}],"line":1},"1":{"loc":{"start":{"line":1,"column":261},"end":{"line":1,"column":310}},"type":"if","locations":[{"start":{"line":1,"column":261},"end":{"line":1,"column":310}},{"start":{"line":1,"column":261},"end":{"line":1,"column":310}}],"line":1},"2":{"loc":{"start":{"line":1,"column":420},"end":{"line":1,"column":485}},"type":"if","locations":[{"start":{"line":1,"column":420},"end":{"line":1,"column":485}},{"start":{"line":1,"column":420},"end":{"line":1,"column":485}}],"line":1},"3":{"loc":{"start":{"line":1,"column":485},"end":{"line":1,"column":542}},"type":"if","locations":[{"start":{"line":1,"column":485},"end":{"line":1,"column":542}},{"start":{"line":1,"column":485},"end":{"line":1,"column":542}}],"line":1},"4":{"loc":{"start":{"line":13,"column":93},"end":{"line":13,"column":130}},"type":"cond-expr","locations":[{"start":{"line":13,"column":113},"end":{"line":13,"column":116}},{"start":{"line":13,"column":117},"end":{"line":13,"column":130}}],"line":13},"5":{"loc":{"start":{"line":13,"column":93},"end":{"line":13,"column":112}},"type":"binary-expr","locations":[{"start":{"line":13,"column":93},"end":{"line":13,"column":96}},{"start":{"line":13,"column":98},"end":{"line":13,"column":112}}],"line":13},"6":{"loc":{"start":{"line":13,"column":179},"end":{"line":13,"column":276}},"type":"if","locations":[{"start":{"line":13,"column":179},"end":{"line":13,"column":276}},{"start":{"line":13,"column":179},"end":{"line":13,"column":276}}],"line":13},"7":{"loc":{"start":{"line":13,"column":324},"end":{"line":13,"column":421}},"type":"if","locations":[{"start":{"line":13,"column":324},"end":{"line":13,"column":421}},{"start":{"line":13,"column":324},"end":{"line":13,"column":421}}],"line":13},"8":{"loc":{"start":{"line":13,"column":428},"end":{"line":13,"column":494}},"type":"cond-expr","locations":[{"start":{"line":13,"column":485},"end":{"line":13,"column":489}},{"start":{"line":13,"column":490},"end":{"line":13,"column":494}}],"line":13},"9":{"loc":{"start":{"line":13,"column":428},"end":{"line":13,"column":484}},"type":"binary-expr","locations":[{"start":{"line":13,"column":428},"end":{"line":13,"column":432}},{"start":{"line":13,"column":435},"end":{"line":13,"column":457}},{"start":{"line":13,"column":459},"end":{"line":13,"column":483}}],"line":13},"10":{"loc":{"start":{"line":13,"column":536},"end":{"line":13,"column":689}},"type":"if","locations":[{"start":{"line":13,"column":536},"end":{"line":13,"column":689}},{"start":{"line":13,"column":536},"end":{"line":13,"column":689}}],"line":13},"11":{"loc":{"start":{"line":13,"column":539},"end":{"line":13,"column":588}},"type":"binary-expr","locations":[{"start":{"line":13,"column":539},"end":{"line":13,"column":569}},{"start":{"line":13,"column":571},"end":{"line":13,"column":588}}],"line":13},"12":{"loc":{"start":{"line":13,"column":722},"end":{"line":13,"column":754}},"type":"binary-expr","locations":[{"start":{"line":13,"column":722},"end":{"line":13,"column":732}},{"start":{"line":13,"column":734},"end":{"line":13,"column":754}}],"line":13},"13":{"loc":{"start":{"line":13,"column":836},"end":{"line":13,"column":945}},"type":"if","locations":[{"start":{"line":13,"column":836},"end":{"line":13,"column":945}},{"start":{"line":13,"column":836},"end":{"line":13,"column":945}}],"line":13},"14":{"loc":{"start":{"line":13,"column":850},"end":{"line":13,"column":944}},"type":"cond-expr","locations":[{"start":{"line":13,"column":872},"end":{"line":13,"column":914}},{"start":{"line":13,"column":915},"end":{"line":13,"column":944}}],"line":13},"15":{"loc":{"start":{"line":20,"column":132},"end":{"line":20,"column":173}},"type":"binary-expr","locations":[{"start":{"line":20,"column":132},"end":{"line":20,"column":145}},{"start":{"line":20,"column":147},"end":{"line":20,"column":173}}],"line":20}},"s":{"0":0,"1":0,"2":0,"3":0,"4":0,"5":0,"6":0,"7":0,"8":0,"9":0,"10":0,"11":0,"12":0,"13":0,"14":0,"15":0,"16":0,"17":0,"18":0,"19":0,"20":0,"21":0,"22":0,"23":0,"24":0,"25":0,"26":0,"27":0,"28":0,"29":0,"30":0,"31":0,"32":0,"33":0,"34":0,"35":0,"36":0,"37":0,"38":0,"39":0,"40":0},"f":{"0":0,"1":0,"2":0,"3":0,"4":0,"5":0,"6":0,"7":0,"8":0,"9":0},"b":{"0":[0,0],"1":[0,0],"2":[0,0],"3":[0,0],"4":[0,0],"5":[0,0],"6":[0,0],"7":[0,0],"8":[0,0],"9":[0,0,0],"10":[0,0],"11":[0,0],"12":[0,0],"13":[0,0],"14":[0,0],"15":[0,0]}}
,"C:\\Users\\Sonny\\Documents\\GitHub\\ReminMeApp\\src\\screens\\introscreen.js": {"path":"C:\\Users\\Sonny\\Documents\\GitHub\\ReminMeApp\\src\\screens\\introscreen.js","statementMap":{"0":{"start":{"line":19,"column":4},"end":{"line":30,"column":6}},"1":{"start":{"line":34,"column":15},"end":{"line":60,"column":2}}},"fnMap":{"0":{"name":"(anonymous_0)","decl":{"start":{"line":18,"column":2},"end":{"line":18,"column":3}},"loc":{"start":{"line":18,"column":11},"end":{"line":31,"column":3}},"line":18}},"branchMap":{},"s":{"0":0,"1":1},"f":{"0":0},"b":{},"_coverageSchema":"332fd63041d2c1bcb487cc26dd0d5f7d97098a6c","hash":"506f19f1bca78251617d549f39c618925006b224"}
,"C:\\Users\\Sonny\\Documents\\GitHub\\ReminMeApp\\src\\screens\\taskscreens.js": {"path":"C:\\Users\\Sonny\\Documents\\GitHub\\ReminMeApp\\src\\screens\\taskscreens.js","statementMap":{"0":{"start":{"line":1,"column":0},"end":{"line":1,"column":57}},"1":{"start":{"line":1,"column":57},"end":{"line":1,"column":85}},"2":{"start":{"line":1,"column":102},"end":{"line":1,"column":594}},"3":{"start":{"line":1,"column":153},"end":{"line":1,"column":395}},"4":{"start":{"line":1,"column":200},"end":{"line":1,"column":208}},"5":{"start":{"line":1,"column":209},"end":{"line":1,"column":260}},"6":{"start":{"line":1,"column":260},"end":{"line":1,"column":289}},"7":{"start":{"line":1,"column":289},"end":{"line":1,"column":338}},"8":{"start":{"line":1,"column":313},"end":{"line":1,"column":338}},"9":{"start":{"line":1,"column":338},"end":{"line":1,"column":394}},"10":{"start":{"line":1,"column":396},"end":{"line":1,"column":591}},"11":{"start":{"line":1,"column":448},"end":{"line":1,"column":513}},"12":{"start":{"line":1,"column":462},"end":{"line":1,"column":513}},"13":{"start":{"line":1,"column":513},"end":{"line":1,"column":570}},"14":{"start":{"line":1,"column":528},"end":{"line":1,"column":570}},"15":{"start":{"line":1,"column":570},"end":{"line":1,"column":589}},"16":{"start":{"line":5,"column":11},"end":{"line":5,"column":27}},"17":{"start":{"line":5,"column":40},"end":{"line":5,"column":70}},"18":{"start":{"line":6,"column":17},"end":{"line":6,"column":40}},"19":{"start":{"line":6,"column":78},"end":{"line":6,"column":123}},"20":{"start":{"line":6,"column":171},"end":{"line":6,"column":268}},"21":{"start":{"line":6,"column":210},"end":{"line":6,"column":267}},"22":{"start":{"line":6,"column":316},"end":{"line":6,"column":413}},"23":{"start":{"line":6,"column":326},"end":{"line":6,"column":412}},"24":{"start":{"line":6,"column":413},"end":{"line":6,"column":487}},"25":{"start":{"line":6,"column":528},"end":{"line":6,"column":681}},"26":{"start":{"line":6,"column":582},"end":{"line":6,"column":680}},"27":{"start":{"line":6,"column":681},"end":{"line":6,"column":828}},"28":{"start":{"line":6,"column":828},"end":{"line":6,"column":937}},"29":{"start":{"line":6,"column":842},"end":{"line":6,"column":937}},"30":{"start":{"line":12,"column":10},"end":{"line":17,"column":34}},"31":{"start":{"line":12,"column":49},"end":{"line":12,"column":81}},"32":{"start":{"line":12,"column":102},"end":{"line":12,"column":134}},"33":{"start":{"line":12,"column":134},"end":{"line":12,"column":252}},"34":{"start":{"line":12,"column":253},"end":{"line":17,"column":5}},"35":{"start":{"line":14,"column":0},"end":{"line":15,"column":76}},"36":{"start":{"line":17,"column":5},"end":{"line":17,"column":22}},"37":{"start":{"line":20,"column":11},"end":{"line":23,"column":26}}},"fnMap":{"0":{"name":"(anonymous_0)","decl":{"start":{"line":1,"column":102},"end":{"line":1,"column":103}},"loc":{"start":{"line":1,"column":112},"end":{"line":1,"column":592}},"line":1},"1":{"name":"defineProperties","decl":{"start":{"line":1,"column":122},"end":{"line":1,"column":138}},"loc":{"start":{"line":1,"column":152},"end":{"line":1,"column":396}},"line":1},"2":{"name":"(anonymous_2)","decl":{"start":{"line":1,"column":403},"end":{"line":1,"column":404}},"loc":{"start":{"line":1,"column":447},"end":{"line":1,"column":590}},"line":1},"3":{"name":"_interopRequireDefault","decl":{"start":{"line":6,"column":50},"end":{"line":6,"column":72}},"loc":{"start":{"line":6,"column":77},"end":{"line":6,"column":124}},"line":6},"4":{"name":"_classCallCheck","decl":{"start":{"line":6,"column":133},"end":{"line":6,"column":148}},"loc":{"start":{"line":6,"column":170},"end":{"line":6,"column":269}},"line":6},"5":{"name":"_possibleConstructorReturn","decl":{"start":{"line":6,"column":278},"end":{"line":6,"column":304}},"loc":{"start":{"line":6,"column":315},"end":{"line":6,"column":488}},"line":6},"6":{"name":"_inherits","decl":{"start":{"line":6,"column":497},"end":{"line":6,"column":506}},"loc":{"start":{"line":6,"column":527},"end":{"line":6,"column":938}},"line":6},"7":{"name":"(anonymous_7)","decl":{"start":{"line":12,"column":28},"end":{"line":12,"column":29}},"loc":{"start":{"line":12,"column":48},"end":{"line":17,"column":23}},"line":12},"8":{"name":"taskcreen","decl":{"start":{"line":12,"column":90},"end":{"line":12,"column":99}},"loc":{"start":{"line":12,"column":101},"end":{"line":12,"column":253}},"line":12},"9":{"name":"render","decl":{"start":{"line":12,"column":306},"end":{"line":12,"column":312}},"loc":{"start":{"line":13,"column":0},"end":{"line":17,"column":1}},"line":13}},"branchMap":{"0":{"loc":{"start":{"line":1,"column":231},"end":{"line":1,"column":259}},"type":"binary-expr","locations":[{"start":{"line":1,"column":231},"end":{"line":1,"column":252}},{"start":{"line":1,"column":254},"end":{"line":1,"column":259}}],"line":1},"1":{"loc":{"start":{"line":1,"column":289},"end":{"line":1,"column":338}},"type":"if","locations":[{"start":{"line":1,"column":289},"end":{"line":1,"column":338}},{"start":{"line":1,"column":289},"end":{"line":1,"column":338}}],"line":1},"2":{"loc":{"start":{"line":1,"column":448},"end":{"line":1,"column":513}},"type":"if","locations":[{"start":{"line":1,"column":448},"end":{"line":1,"column":513}},{"start":{"line":1,"column":448},"end":{"line":1,"column":513}}],"line":1},"3":{"loc":{"start":{"line":1,"column":513},"end":{"line":1,"column":570}},"type":"if","locations":[{"start":{"line":1,"column":513},"end":{"line":1,"column":570}},{"start":{"line":1,"column":513},"end":{"line":1,"column":570}}],"line":1},"4":{"loc":{"start":{"line":6,"column":85},"end":{"line":6,"column":122}},"type":"cond-expr","locations":[{"start":{"line":6,"column":105},"end":{"line":6,"column":108}},{"start":{"line":6,"column":109},"end":{"line":6,"column":122}}],"line":6},"5":{"loc":{"start":{"line":6,"column":85},"end":{"line":6,"column":104}},"type":"binary-expr","locations":[{"start":{"line":6,"column":85},"end":{"line":6,"column":88}},{"start":{"line":6,"column":90},"end":{"line":6,"column":104}}],"line":6},"6":{"loc":{"start":{"line":6,"column":171},"end":{"line":6,"column":268}},"type":"if","locations":[{"start":{"line":6,"column":171},"end":{"line":6,"column":268}},{"start":{"line":6,"column":171},"end":{"line":6,"column":268}}],"line":6},"7":{"loc":{"start":{"line":6,"column":316},"end":{"line":6,"column":413}},"type":"if","locations":[{"start":{"line":6,"column":316},"end":{"line":6,"column":413}},{"start":{"line":6,"column":316},"end":{"line":6,"column":413}}],"line":6},"8":{"loc":{"start":{"line":6,"column":420},"end":{"line":6,"column":486}},"type":"cond-expr","locations":[{"start":{"line":6,"column":477},"end":{"line":6,"column":481}},{"start":{"line":6,"column":482},"end":{"line":6,"column":486}}],"line":6},"9":{"loc":{"start":{"line":6,"column":420},"end":{"line":6,"column":476}},"type":"binary-expr","locations":[{"start":{"line":6,"column":420},"end":{"line":6,"column":424}},{"start":{"line":6,"column":427},"end":{"line":6,"column":449}},{"start":{"line":6,"column":451},"end":{"line":6,"column":475}}],"line":6},"10":{"loc":{"start":{"line":6,"column":528},"end":{"line":6,"column":681}},"type":"if","locations":[{"start":{"line":6,"column":528},"end":{"line":6,"column":681}},{"start":{"line":6,"column":528},"end":{"line":6,"column":681}}],"line":6},"11":{"loc":{"start":{"line":6,"column":531},"end":{"line":6,"column":580}},"type":"binary-expr","locations":[{"start":{"line":6,"column":531},"end":{"line":6,"column":561}},{"start":{"line":6,"column":563},"end":{"line":6,"column":580}}],"line":6},"12":{"loc":{"start":{"line":6,"column":714},"end":{"line":6,"column":746}},"type":"binary-expr","locations":[{"start":{"line":6,"column":714},"end":{"line":6,"column":724}},{"start":{"line":6,"column":726},"end":{"line":6,"column":746}}],"line":6},"13":{"loc":{"start":{"line":6,"column":828},"end":{"line":6,"column":937}},"type":"if","locations":[{"start":{"line":6,"column":828},"end":{"line":6,"column":937}},{"start":{"line":6,"column":828},"end":{"line":6,"column":937}}],"line":6},"14":{"loc":{"start":{"line":6,"column":842},"end":{"line":6,"column":936}},"type":"cond-expr","locations":[{"start":{"line":6,"column":864},"end":{"line":6,"column":906}},{"start":{"line":6,"column":907},"end":{"line":6,"column":936}}],"line":6},"15":{"loc":{"start":{"line":12,"column":174},"end":{"line":12,"column":227}},"type":"binary-expr","locations":[{"start":{"line":12,"column":174},"end":{"line":12,"column":193}},{"start":{"line":12,"column":195},"end":{"line":12,"column":227}}],"line":12}},"s":{"0":0,"1":0,"2":0,"3":0,"4":0,"5":0,"6":0,"7":0,"8":0,"9":0,"10":0,"11":0,"12":0,"13":0,"14":0,"15":0,"16":0,"17":0,"18":0,"19":0,"20":0,"21":0,"22":0,"23":0,"24":0,"25":0,"26":0,"27":0,"28":0,"29":0,"30":0,"31":0,"32":0,"33":0,"34":0,"35":0,"36":0,"37":0},"f":{"0":0,"1":0,"2":0,"3":0,"4":0,"5":0,"6":0,"7":0,"8":0,"9":0},"b":{"0":[0,0],"1":[0,0],"2":[0,0],"3":[0,0],"4":[0,0],"5":[0,0],"6":[0,0],"7":[0,0],"8":[0,0],"9":[0,0,0],"10":[0,0],"11":[0,0],"12":[0,0],"13":[0,0],"14":[0,0],"15":[0,0]}}
}
