{"C:\\Users\\Sonny\\Documents\\Reactnative\\AwesomeProject\\src\\App.js": {"path":"C:\\Users\\Sonny\\Documents\\Reactnative\\AwesomeProject\\src\\App.js","statementMap":{"0":{"start":{"line":1,"column":0},"end":{"line":1,"column":57}},"1":{"start":{"line":1,"column":74},"end":{"line":1,"column":566}},"2":{"start":{"line":1,"column":125},"end":{"line":1,"column":367}},"3":{"start":{"line":1,"column":172},"end":{"line":1,"column":180}},"4":{"start":{"line":1,"column":181},"end":{"line":1,"column":232}},"5":{"start":{"line":1,"column":232},"end":{"line":1,"column":261}},"6":{"start":{"line":1,"column":261},"end":{"line":1,"column":310}},"7":{"start":{"line":1,"column":285},"end":{"line":1,"column":310}},"8":{"start":{"line":1,"column":310},"end":{"line":1,"column":366}},"9":{"start":{"line":1,"column":368},"end":{"line":1,"column":563}},"10":{"start":{"line":1,"column":420},"end":{"line":1,"column":485}},"11":{"start":{"line":1,"column":434},"end":{"line":1,"column":485}},"12":{"start":{"line":1,"column":485},"end":{"line":1,"column":542}},"13":{"start":{"line":1,"column":500},"end":{"line":1,"column":542}},"14":{"start":{"line":1,"column":542},"end":{"line":1,"column":561}},"15":{"start":{"line":3,"column":11},"end":{"line":3,"column":27}},"16":{"start":{"line":3,"column":40},"end":{"line":3,"column":70}},"17":{"start":{"line":4,"column":17},"end":{"line":4,"column":40}},"18":{"start":{"line":12,"column":17},"end":{"line":12,"column":49}},"19":{"start":{"line":12,"column":68},"end":{"line":12,"column":104}},"20":{"start":{"line":12,"column":142},"end":{"line":12,"column":187}},"21":{"start":{"line":12,"column":235},"end":{"line":12,"column":332}},"22":{"start":{"line":12,"column":274},"end":{"line":12,"column":331}},"23":{"start":{"line":12,"column":380},"end":{"line":12,"column":477}},"24":{"start":{"line":12,"column":390},"end":{"line":12,"column":476}},"25":{"start":{"line":12,"column":477},"end":{"line":12,"column":551}},"26":{"start":{"line":12,"column":592},"end":{"line":12,"column":745}},"27":{"start":{"line":12,"column":646},"end":{"line":12,"column":744}},"28":{"start":{"line":12,"column":745},"end":{"line":12,"column":892}},"29":{"start":{"line":12,"column":892},"end":{"line":12,"column":1001}},"30":{"start":{"line":12,"column":906},"end":{"line":12,"column":1001}},"31":{"start":{"line":14,"column":4},"end":{"line":21,"column":35}},"32":{"start":{"line":14,"column":25},"end":{"line":14,"column":51}},"33":{"start":{"line":14,"column":66},"end":{"line":14,"column":92}},"34":{"start":{"line":14,"column":92},"end":{"line":14,"column":198}},"35":{"start":{"line":14,"column":199},"end":{"line":21,"column":5}},"36":{"start":{"line":16,"column":0},"end":{"line":18,"column":60}},"37":{"start":{"line":21,"column":5},"end":{"line":21,"column":16}},"38":{"start":{"line":21,"column":36},"end":{"line":21,"column":56}},"39":{"start":{"line":23,"column":11},"end":{"line":25,"column":9}}},"fnMap":{"0":{"name":"(anonymous_0)","decl":{"start":{"line":1,"column":74},"end":{"line":1,"column":75}},"loc":{"start":{"line":1,"column":84},"end":{"line":1,"column":564}},"line":1},"1":{"name":"defineProperties","decl":{"start":{"line":1,"column":94},"end":{"line":1,"column":110}},"loc":{"start":{"line":1,"column":124},"end":{"line":1,"column":368}},"line":1},"2":{"name":"(anonymous_2)","decl":{"start":{"line":1,"column":375},"end":{"line":1,"column":376}},"loc":{"start":{"line":1,"column":419},"end":{"line":1,"column":562}},"line":1},"3":{"name":"_interopRequireDefault","decl":{"start":{"line":12,"column":114},"end":{"line":12,"column":136}},"loc":{"start":{"line":12,"column":141},"end":{"line":12,"column":188}},"line":12},"4":{"name":"_classCallCheck","decl":{"start":{"line":12,"column":197},"end":{"line":12,"column":212}},"loc":{"start":{"line":12,"column":234},"end":{"line":12,"column":333}},"line":12},"5":{"name":"_possibleConstructorReturn","decl":{"start":{"line":12,"column":342},"end":{"line":12,"column":368}},"loc":{"start":{"line":12,"column":379},"end":{"line":12,"column":552}},"line":12},"6":{"name":"_inherits","decl":{"start":{"line":12,"column":561},"end":{"line":12,"column":570}},"loc":{"start":{"line":12,"column":591},"end":{"line":12,"column":1002}},"line":12},"7":{"name":"(anonymous_7)","decl":{"start":{"line":14,"column":4},"end":{"line":14,"column":5}},"loc":{"start":{"line":14,"column":24},"end":{"line":21,"column":17}},"line":14},"8":{"name":"App","decl":{"start":{"line":14,"column":60},"end":{"line":14,"column":63}},"loc":{"start":{"line":14,"column":65},"end":{"line":14,"column":199}},"line":14},"9":{"name":"render","decl":{"start":{"line":14,"column":246},"end":{"line":14,"column":252}},"loc":{"start":{"line":15,"column":0},"end":{"line":21,"column":1}},"line":15}},"branchMap":{"0":{"loc":{"start":{"line":1,"column":203},"end":{"line":1,"column":231}},"type":"binary-expr","locations":[{"start":{"line":1,"column":203},"end":{"line":1,"column":224}},{"start":{"line":1,"column":226},"end":{"line":1,"column":231}}],"line":1},"1":{"loc":{"start":{"line":1,"column":261},"end":{"line":1,"column":310}},"type":"if","locations":[{"start":{"line":1,"column":261},"end":{"line":1,"column":310}},{"start":{"line":1,"column":261},"end":{"line":1,"column":310}}],"line":1},"2":{"loc":{"start":{"line":1,"column":420},"end":{"line":1,"column":485}},"type":"if","locations":[{"start":{"line":1,"column":420},"end":{"line":1,"column":485}},{"start":{"line":1,"column":420},"end":{"line":1,"column":485}}],"line":1},"3":{"loc":{"start":{"line":1,"column":485},"end":{"line":1,"column":542}},"type":"if","locations":[{"start":{"line":1,"column":485},"end":{"line":1,"column":542}},{"start":{"line":1,"column":485},"end":{"line":1,"column":542}}],"line":1},"4":{"loc":{"start":{"line":12,"column":149},"end":{"line":12,"column":186}},"type":"cond-expr","locations":[{"start":{"line":12,"column":169},"end":{"line":12,"column":172}},{"start":{"line":12,"column":173},"end":{"line":12,"column":186}}],"line":12},"5":{"loc":{"start":{"line":12,"column":149},"end":{"line":12,"column":168}},"type":"binary-expr","locations":[{"start":{"line":12,"column":149},"end":{"line":12,"column":152}},{"start":{"line":12,"column":154},"end":{"line":12,"column":168}}],"line":12},"6":{"loc":{"start":{"line":12,"column":235},"end":{"line":12,"column":332}},"type":"if","locations":[{"start":{"line":12,"column":235},"end":{"line":12,"column":332}},{"start":{"line":12,"column":235},"end":{"line":12,"column":332}}],"line":12},"7":{"loc":{"start":{"line":12,"column":380},"end":{"line":12,"column":477}},"type":"if","locations":[{"start":{"line":12,"column":380},"end":{"line":12,"column":477}},{"start":{"line":12,"column":380},"end":{"line":12,"column":477}}],"line":12},"8":{"loc":{"start":{"line":12,"column":484},"end":{"line":12,"column":550}},"type":"cond-expr","locations":[{"start":{"line":12,"column":541},"end":{"line":12,"column":545}},{"start":{"line":12,"column":546},"end":{"line":12,"column":550}}],"line":12},"9":{"loc":{"start":{"line":12,"column":484},"end":{"line":12,"column":540}},"type":"binary-expr","locations":[{"start":{"line":12,"column":484},"end":{"line":12,"column":488}},{"start":{"line":12,"column":491},"end":{"line":12,"column":513}},{"start":{"line":12,"column":515},"end":{"line":12,"column":539}}],"line":12},"10":{"loc":{"start":{"line":12,"column":592},"end":{"line":12,"column":745}},"type":"if","locations":[{"start":{"line":12,"column":592},"end":{"line":12,"column":745}},{"start":{"line":12,"column":592},"end":{"line":12,"column":745}}],"line":12},"11":{"loc":{"start":{"line":12,"column":595},"end":{"line":12,"column":644}},"type":"binary-expr","locations":[{"start":{"line":12,"column":595},"end":{"line":12,"column":625}},{"start":{"line":12,"column":627},"end":{"line":12,"column":644}}],"line":12},"12":{"loc":{"start":{"line":12,"column":778},"end":{"line":12,"column":810}},"type":"binary-expr","locations":[{"start":{"line":12,"column":778},"end":{"line":12,"column":788}},{"start":{"line":12,"column":790},"end":{"line":12,"column":810}}],"line":12},"13":{"loc":{"start":{"line":12,"column":892},"end":{"line":12,"column":1001}},"type":"if","locations":[{"start":{"line":12,"column":892},"end":{"line":12,"column":1001}},{"start":{"line":12,"column":892},"end":{"line":12,"column":1001}}],"line":12},"14":{"loc":{"start":{"line":12,"column":906},"end":{"line":12,"column":1000}},"type":"cond-expr","locations":[{"start":{"line":12,"column":928},"end":{"line":12,"column":970}},{"start":{"line":12,"column":971},"end":{"line":12,"column":1000}}],"line":12},"15":{"loc":{"start":{"line":14,"column":132},"end":{"line":14,"column":173}},"type":"binary-expr","locations":[{"start":{"line":14,"column":132},"end":{"line":14,"column":145}},{"start":{"line":14,"column":147},"end":{"line":14,"column":173}}],"line":14}},"s":{"0":0,"1":0,"2":0,"3":0,"4":0,"5":0,"6":0,"7":0,"8":0,"9":0,"10":0,"11":0,"12":0,"13":0,"14":0,"15":0,"16":0,"17":0,"18":0,"19":0,"20":0,"21":0,"22":0,"23":0,"24":0,"25":0,"26":0,"27":0,"28":0,"29":0,"30":0,"31":0,"32":0,"33":0,"34":0,"35":0,"36":0,"37":0,"38":0,"39":0},"f":{"0":0,"1":0,"2":0,"3":0,"4":0,"5":0,"6":0,"7":0,"8":0,"9":0},"b":{"0":[0,0],"1":[0,0],"2":[0,0],"3":[0,0],"4":[0,0],"5":[0,0],"6":[0,0],"7":[0,0],"8":[0,0],"9":[0,0,0],"10":[0,0],"11":[0,0],"12":[0,0],"13":[0,0],"14":[0,0],"15":[0,0]}}
,"C:\\Users\\Sonny\\Documents\\Reactnative\\AwesomeProject\\src\\screens\\introscreen.js": {"path":"C:\\Users\\Sonny\\Documents\\Reactnative\\AwesomeProject\\src\\screens\\introscreen.js","statementMap":{"0":{"start":{"line":19,"column":4},"end":{"line":30,"column":6}},"1":{"start":{"line":34,"column":15},"end":{"line":60,"column":2}}},"fnMap":{"0":{"name":"(anonymous_0)","decl":{"start":{"line":18,"column":2},"end":{"line":18,"column":3}},"loc":{"start":{"line":18,"column":11},"end":{"line":31,"column":3}},"line":18}},"branchMap":{},"s":{"0":0,"1":1},"f":{"0":0},"b":{},"_coverageSchema":"332fd63041d2c1bcb487cc26dd0d5f7d97098a6c","hash":"368add857b90800adac7c888dffd8a890806779b"}
}
