TN:
SF:C:\Users\Sonny\Documents\Reactnative\AwesomeProject\src\App.js
FN:1,(anonymous_0)
FN:1,defineProperties
FN:1,(anonymous_2)
FN:12,_interopRequireDefault
FN:12,_classCallCheck
FN:12,_possibleConstructorReturn
FN:12,_inherits
FN:14,(anonymous_7)
FN:14,App
FN:14,render
FNF:10
FNH:0
FNDA:0,(anonymous_0)
FNDA:0,defineProperties
FNDA:0,(anonymous_2)
FNDA:0,_interopRequireDefault
FNDA:0,_classCallCheck
FNDA:0,_possibleConstructorReturn
FNDA:0,_inherits
FNDA:0,(anonymous_7)
FNDA:0,App
FNDA:0,render
DA:1,0
DA:3,0
DA:4,0
DA:12,0
DA:14,0
DA:16,0
DA:21,0
DA:23,0
LF:8
LH:0
BRDA:1,0,0,0
BRDA:1,0,1,0
BRDA:1,1,0,0
BRDA:1,1,1,0
BRDA:1,2,0,0
BRDA:1,2,1,0
BRDA:1,3,0,0
BRDA:1,3,1,0
BRDA:12,4,0,0
BRDA:12,4,1,0
BRDA:12,5,0,0
BRDA:12,5,1,0
BRDA:12,6,0,0
BRDA:12,6,1,0
BRDA:12,7,0,0
BRDA:12,7,1,0
BRDA:12,8,0,0
BRDA:12,8,1,0
BRDA:12,9,0,0
BRDA:12,9,1,0
BRDA:12,9,2,0
BRDA:12,10,0,0
BRDA:12,10,1,0
BRDA:12,11,0,0
BRDA:12,11,1,0
BRDA:12,12,0,0
BRDA:12,12,1,0
BRDA:12,13,0,0
BRDA:12,13,1,0
BRDA:12,14,0,0
BRDA:12,14,1,0
BRDA:14,15,0,0
BRDA:14,15,1,0
BRF:33
BRH:0
end_of_record
TN:
SF:C:\Users\Sonny\Documents\Reactnative\AwesomeProject\src\screens\introscreen.js
FN:18,(anonymous_0)
FNF:1
FNH:0
FNDA:0,(anonymous_0)
DA:19,0
DA:34,1
LF:2
LH:1
BRF:0
BRH:0
end_of_record
