TN:
SF:C:\Users\Sonny\Documents\GitHub\ReminMeApp\src\App.js
FN:1,(anonymous_0)
FN:1,defineProperties
FN:1,(anonymous_2)
FN:13,_interopRequireDefault
FN:13,_classCallCheck
FN:13,_possibleConstructorReturn
FN:13,_inherits
FN:20,(anonymous_7)
FN:20,App
FN:20,render
FNF:10
FNH:0
FNDA:0,(anonymous_0)
FNDA:0,defineProperties
FNDA:0,(anonymous_2)
FNDA:0,_interopRequireDefault
FNDA:0,_classCallCheck
FNDA:0,_possibleConstructorReturn
FNDA:0,_inherits
FNDA:0,(anonymous_7)
FNDA:0,App
FNDA:0,render
DA:1,0
DA:3,0
DA:4,0
DA:12,0
DA:13,0
DA:15,0
DA:20,0
DA:22,0
DA:23,0
LF:9
LH:0
BRDA:1,0,0,0
BRDA:1,0,1,0
BRDA:1,1,0,0
BRDA:1,1,1,0
BRDA:1,2,0,0
BRDA:1,2,1,0
BRDA:1,3,0,0
BRDA:1,3,1,0
BRDA:13,4,0,0
BRDA:13,4,1,0
BRDA:13,5,0,0
BRDA:13,5,1,0
BRDA:13,6,0,0
BRDA:13,6,1,0
BRDA:13,7,0,0
BRDA:13,7,1,0
BRDA:13,8,0,0
BRDA:13,8,1,0
BRDA:13,9,0,0
BRDA:13,9,1,0
BRDA:13,9,2,0
BRDA:13,10,0,0
BRDA:13,10,1,0
BRDA:13,11,0,0
BRDA:13,11,1,0
BRDA:13,12,0,0
BRDA:13,12,1,0
BRDA:13,13,0,0
BRDA:13,13,1,0
BRDA:13,14,0,0
BRDA:13,14,1,0
BRDA:20,15,0,0
BRDA:20,15,1,0
BRF:33
BRH:0
end_of_record
TN:
SF:C:\Users\Sonny\Documents\GitHub\ReminMeApp\src\screens\introscreen.js
FN:18,(anonymous_0)
FNF:1
FNH:0
FNDA:0,(anonymous_0)
DA:19,0
DA:34,1
LF:2
LH:1
BRF:0
BRH:0
end_of_record
TN:
SF:C:\Users\Sonny\Documents\GitHub\ReminMeApp\src\screens\taskscreens.js
FN:1,(anonymous_0)
FN:1,defineProperties
FN:1,(anonymous_2)
FN:6,_interopRequireDefault
FN:6,_classCallCheck
FN:6,_possibleConstructorReturn
FN:6,_inherits
FN:12,(anonymous_7)
FN:12,taskcreen
FN:12,render
FNF:10
FNH:0
FNDA:0,(anonymous_0)
FNDA:0,defineProperties
FNDA:0,(anonymous_2)
FNDA:0,_interopRequireDefault
FNDA:0,_classCallCheck
FNDA:0,_possibleConstructorReturn
FNDA:0,_inherits
FNDA:0,(anonymous_7)
FNDA:0,taskcreen
FNDA:0,render
DA:1,0
DA:5,0
DA:6,0
DA:12,0
DA:14,0
DA:17,0
DA:20,0
LF:7
LH:0
BRDA:1,0,0,0
BRDA:1,0,1,0
BRDA:1,1,0,0
BRDA:1,1,1,0
BRDA:1,2,0,0
BRDA:1,2,1,0
BRDA:1,3,0,0
BRDA:1,3,1,0
BRDA:6,4,0,0
BRDA:6,4,1,0
BRDA:6,5,0,0
BRDA:6,5,1,0
BRDA:6,6,0,0
BRDA:6,6,1,0
BRDA:6,7,0,0
BRDA:6,7,1,0
BRDA:6,8,0,0
BRDA:6,8,1,0
BRDA:6,9,0,0
BRDA:6,9,1,0
BRDA:6,9,2,0
BRDA:6,10,0,0
BRDA:6,10,1,0
BRDA:6,11,0,0
BRDA:6,11,1,0
BRDA:6,12,0,0
BRDA:6,12,1,0
BRDA:6,13,0,0
BRDA:6,13,1,0
BRDA:6,14,0,0
BRDA:6,14,1,0
BRDA:12,15,0,0
BRDA:12,15,1,0
BRF:33
BRH:0
end_of_record
